{"message":"linking with `cc` failed: exit status: 1","code":null,"level":"error","spans":[],"children":[{"message":"\"cc\" \"-arch\" \"arm64\" \"/var/folders/2l/46z3pzts7qqg0ntrh_w5sfd00000gn/T/rustcv8ePEs/symbols.o\" \"/Users/sprasad/Desktop/projects/osinrust/rust_os/target/debug/deps/rust_os-d67d98717e6103ff.22evlfyukxuadhga.rcgu.o\" \"-L\" \"/Users/sprasad/Desktop/projects/osinrust/rust_os/target/debug/deps\" \"-L\" \"/Users/sprasad/.rustup/toolchains/stable-aarch64-apple-darwin/lib/rustlib/aarch64-apple-darwin/lib\" \"/Users/sprasad/.rustup/toolchains/stable-aarch64-apple-darwin/lib/rustlib/aarch64-apple-darwin/lib/librustc_std_workspace_core-b495777441600026.rlib\" \"/Users/sprasad/.rustup/toolchains/stable-aarch64-apple-darwin/lib/rustlib/aarch64-apple-darwin/lib/libcore-cba95c4386a21469.rlib\" \"/Users/sprasad/.rustup/toolchains/stable-aarch64-apple-darwin/lib/rustlib/aarch64-apple-darwin/lib/libcompiler_builtins-b8f163a13cf94b5d.rlib\" \"-L\" \"/Users/sprasad/.rustup/toolchains/stable-aarch64-apple-darwin/lib/rustlib/aarch64-apple-darwin/lib\" \"-o\" \"/Users/sprasad/Desktop/projects/osinrust/rust_os/target/debug/deps/rust_os-d67d98717e6103ff\" \"-Wl,-dead_strip\" \"-nodefaultlibs\"","code":null,"level":"note","spans":[],"children":[],"rendered":null},{"message":"ld: entry point (_main) undefined. for architecture arm64\nclang: error: linker command failed with exit code 1 (use -v to see invocation)\n","code":null,"level":"note","spans":[],"children":[],"rendered":null}],"rendered":"\u001b[0m\u001b[1m\u001b[38;5;9merror\u001b[0m\u001b[0m\u001b[1m: linking with `cc` failed: exit status: 1\u001b[0m\n\u001b[0m  \u001b[0m\u001b[0m\u001b[1m\u001b[38;5;12m|\u001b[0m\n\u001b[0m  \u001b[0m\u001b[0m\u001b[1m\u001b[38;5;12m= \u001b[0m\u001b[0m\u001b[1mnote\u001b[0m\u001b[0m: \"cc\" \"-arch\" \"arm64\" \"/var/folders/2l/46z3pzts7qqg0ntrh_w5sfd00000gn/T/rustcv8ePEs/symbols.o\" \"/Users/sprasad/Desktop/projects/osinrust/rust_os/target/debug/deps/rust_os-d67d98717e6103ff.22evlfyukxuadhga.rcgu.o\" \"-L\" \"/Users/sprasad/Desktop/projects/osinrust/rust_os/target/debug/deps\" \"-L\" \"/Users/sprasad/.rustup/toolchains/stable-aarch64-apple-darwin/lib/rustlib/aarch64-apple-darwin/lib\" \"/Users/sprasad/.rustup/toolchains/stable-aarch64-apple-darwin/lib/rustlib/aarch64-apple-darwin/lib/librustc_std_workspace_core-b495777441600026.rlib\" \"/Users/sprasad/.rustup/toolchains/stable-aarch64-apple-darwin/lib/rustlib/aarch64-apple-darwin/lib/libcore-cba95c4386a21469.rlib\" \"/Users/sprasad/.rustup/toolchains/stable-aarch64-apple-darwin/lib/rustlib/aarch64-apple-darwin/lib/libcompiler_builtins-b8f163a13cf94b5d.rlib\" \"-L\" \"/Users/sprasad/.rustup/toolchains/stable-aarch64-apple-darwin/lib/rustlib/aarch64-apple-darwin/lib\" \"-o\" \"/Users/sprasad/Desktop/projects/osinrust/rust_os/target/debug/deps/rust_os-d67d98717e6103ff\" \"-Wl,-dead_strip\" \"-nodefaultlibs\"\u001b[0m\n\u001b[0m  \u001b[0m\u001b[0m\u001b[1m\u001b[38;5;12m= \u001b[0m\u001b[0m\u001b[1mnote\u001b[0m\u001b[0m: ld: entry point (_main) undefined. for architecture arm64\u001b[0m\n\u001b[0m          clang: error: linker command failed with exit code 1 (use -v to see invocation)\u001b[0m\n\u001b[0m          \u001b[0m\n\n"}
{"message":"aborting due to previous error","code":null,"level":"error","spans":[],"children":[],"rendered":"\u001b[0m\u001b[1m\u001b[38;5;9merror\u001b[0m\u001b[0m\u001b[1m: aborting due to previous error\u001b[0m\n\n"}
